<?xml version="1.0" encoding="UTF-8"?>
<testng-results ignored="0" total="3" passed="3" failed="0" skipped="0">
  <reporter-output>
  </reporter-output>
  <suite started-at="2020-01-12T11:24:22Z" name="API Testing Suite" finished-at="2020-01-12T11:24:25Z" duration-ms="3171">
    <groups>
    </groups>
    <test started-at="2020-01-12T11:24:22Z" name="Nopackage" finished-at="2020-01-12T11:24:25Z" duration-ms="3171">
      <class name="apiTest.apitest.APIBaseTest">
        <test-method is-config="true" signature="setup()[pri:0, instance:apiTest.apitest.APIBaseTest@74e52303]" started-at="2020-01-13T00:24:22Z" name="setup" finished-at="2020-01-13T00:24:25Z" duration-ms="2504" status="PASS">
          <reporter-output>
          </reporter-output>
        </test-method> <!-- setup -->
        <test-method signature="T01_SearchTermTest()[pri:0, instance:apiTest.apitest.APIBaseTest@74e52303]" started-at="2020-01-13T00:24:25Z" name="T01_SearchTermTest" finished-at="2020-01-13T00:24:25Z" duration-ms="536" status="PASS">
          <reporter-output>
          </reporter-output>
        </test-method> <!-- T01_SearchTermTest -->
        <test-method signature="T02_SearchTermTest()[pri:0, instance:apiTest.apitest.APIBaseTest@74e52303]" started-at="2020-01-13T00:24:25Z" name="T02_SearchTermTest" finished-at="2020-01-13T00:24:25Z" duration-ms="18" status="PASS">
          <reporter-output>
          </reporter-output>
        </test-method> <!-- T02_SearchTermTest -->
        <test-method signature="T03_GalleryWith2xImage1()[pri:0, instance:apiTest.apitest.APIBaseTest@74e52303]" started-at="2020-01-13T00:24:25Z" name="T03_GalleryWith2xImage1" finished-at="2020-01-13T00:24:25Z" duration-ms="87" status="PASS">
          <reporter-output>
          </reporter-output>
        </test-method> <!-- T03_GalleryWith2xImage1 -->
        <test-method is-config="true" signature="afterTest()[pri:0, instance:apiTest.apitest.APIBaseTest@74e52303]" started-at="2020-01-13T00:24:25Z" name="afterTest" finished-at="2020-01-13T00:24:25Z" duration-ms="1" status="PASS">
          <reporter-output>
          </reporter-output>
        </test-method> <!-- afterTest -->
      </class> <!-- apiTest.apitest.APIBaseTest -->
    </test> <!-- Nopackage -->
  </suite> <!-- API Testing Suite -->
</testng-results>
