<?xml version="1.0" encoding="UTF-8"?>
<!-- Generated by org.testng.reporters.JUnitXMLReporter -->
<testsuite ignored="0" hostname="Ravis-MacBook-Air.local" failures="0" tests="3" name="Nopackage" time="3.171" errors="0" timestamp="12 Jan 2020 11:24:25 GMT">
  <testcase classname="apiTest.apitest.APIBaseTest" name="T01_SearchTermTest" time="0.536"/>
  <testcase classname="apiTest.apitest.APIBaseTest" name="T02_SearchTermTest" time="0.018"/>
  <testcase classname="apiTest.apitest.APIBaseTest" name="T03_GalleryWith2xImage1" time="0.087"/>
</testsuite> <!-- Nopackage -->
